<?xml version="1.0" encoding="UTF-8"?>
<testng-results ignored="0" total="2" passed="2" failed="0" skipped="0">
  <reporter-output>
  </reporter-output>
  <suite started-at="2022-11-10T15:25:55 IST" name="Default suite" finished-at="2022-11-10T15:26:07 IST" duration-ms="11737">
    <groups>
    </groups>
    <test started-at="2022-11-10T15:25:55 IST" name="Default test" finished-at="2022-11-10T15:26:07 IST" duration-ms="11737">
      <class name="com.qa.testcases.LogoutTest">
        <test-method is-config="true" signature="setup()[pri:0, instance:com.qa.testcases.LogoutTest@15bbf42f]" started-at="2022-11-10T15:25:55 IST" name="setup" finished-at="2022-11-10T15:26:02 IST" duration-ms="6569" status="PASS">
          <reporter-output>
          </reporter-output>
        </test-method> <!-- setup -->
        <test-method signature="GetTitle()[pri:0, instance:com.qa.testcases.LogoutTest@15bbf42f]" started-at="2022-11-10T15:26:02 IST" name="GetTitle" finished-at="2022-11-10T15:26:02 IST" duration-ms="13" status="PASS">
          <reporter-output>
          </reporter-output>
        </test-method> <!-- GetTitle -->
        <test-method is-config="true" signature="Teardown()[pri:0, instance:com.qa.testcases.LogoutTest@15bbf42f]" started-at="2022-11-10T15:26:02 IST" name="Teardown" finished-at="2022-11-10T15:26:02 IST" duration-ms="77" status="PASS">
          <reporter-output>
          </reporter-output>
        </test-method> <!-- Teardown -->
        <test-method is-config="true" signature="setup()[pri:0, instance:com.qa.testcases.LogoutTest@15bbf42f]" started-at="2022-11-10T15:26:02 IST" name="setup" finished-at="2022-11-10T15:26:06 IST" duration-ms="4468" status="PASS">
          <reporter-output>
          </reporter-output>
        </test-method> <!-- setup -->
        <test-method signature="Logout()[pri:0, instance:com.qa.testcases.LogoutTest@15bbf42f]" started-at="2022-11-10T15:26:06 IST" name="Logout" finished-at="2022-11-10T15:26:07 IST" duration-ms="498" status="PASS">
          <reporter-output>
          </reporter-output>
        </test-method> <!-- Logout -->
        <test-method is-config="true" signature="Teardown()[pri:0, instance:com.qa.testcases.LogoutTest@15bbf42f]" started-at="2022-11-10T15:26:07 IST" name="Teardown" finished-at="2022-11-10T15:26:07 IST" duration-ms="84" status="PASS">
          <reporter-output>
          </reporter-output>
        </test-method> <!-- Teardown -->
      </class> <!-- com.qa.testcases.LogoutTest -->
    </test> <!-- Default test -->
  </suite> <!-- Default suite -->
</testng-results>
