<?xml version="1.0" encoding="UTF-8"?>
<!-- Generated by org.testng.reporters.JUnitXMLReporter -->
<testsuite ignored="0" hostname="ojas-dl447" failures="0" tests="6" name="Test" time="35.299" errors="0" timestamp="2022-10-31T15:38:22 IST">
  <testcase classname="com.qa.testcases.HomePageTest" name="LocationDropdown" time="0.103"/>
  <testcase classname="com.qa.testcases.HomePageTest" name="WelcomeText" time="0.033"/>
  <testcase classname="com.qa.testcases.HomePageTest" name="getText" time="0.005"/>
  <testcase classname="com.qa.testcases.LoginPageTest" name="ImgLogo" time="0.035"/>
  <testcase classname="com.qa.testcases.LoginPageTest" name="LoginPage" time="1.041"/>
  <testcase classname="com.qa.testcases.LoginPageTest" name="LoginPageTitle" time="0.007"/>
</testsuite> <!-- Test -->
