<?xml version="1.0" encoding="UTF-8"?>
<testng-results ignored="0" total="1" passed="1" failed="0" skipped="0">
  <reporter-output>
  </reporter-output>
  <suite started-at="2022-11-02T13:01:18 IST" name="Default suite" finished-at="2022-11-02T13:01:25 IST" duration-ms="7202">
    <groups>
    </groups>
    <test started-at="2022-11-02T13:01:18 IST" name="Default test" finished-at="2022-11-02T13:01:25 IST" duration-ms="7202">
      <class name="Para.qa.TestCase.NewRegisterTestcase">
        <test-method is-config="true" signature="setup()[pri:0, instance:Para.qa.TestCase.NewRegisterTestcase@4a7f959b]" started-at="2022-11-02T13:01:18 IST" name="setup" finished-at="2022-11-02T13:01:24 IST" duration-ms="6051" status="PASS">
          <reporter-output>
          </reporter-output>
        </test-method> <!-- setup -->
        <test-method signature="RegisterHomepage()[pri:0, instance:Para.qa.TestCase.NewRegisterTestcase@4a7f959b]" started-at="2022-11-02T13:01:24 IST" name="RegisterHomepage" finished-at="2022-11-02T13:01:25 IST" duration-ms="1118" status="PASS">
          <reporter-output>
          </reporter-output>
        </test-method> <!-- RegisterHomepage -->
      </class> <!-- Para.qa.TestCase.NewRegisterTestcase -->
    </test> <!-- Default test -->
  </suite> <!-- Default suite -->
</testng-results>
