<?xml version="1.0" encoding="UTF-8"?>
<!-- Generated by org.testng.reporters.JUnitXMLReporter -->
<testsuite ignored="0" hostname="ojas-dl447" failures="0" tests="8" name="Adactin Test" time="47.342" errors="0" timestamp="2022-10-31T15:32:49 IST">
  <testcase classname="com.qa.testcases.LoginPageTest" name="ImgLogo" time="0.043"/>
  <testcase classname="com.qa.testcases.LoginPageTest" name="LoginPage" time="1.176"/>
  <testcase classname="com.qa.testcases.LoginPageTest" name="LoginPageTitle" time="0.013"/>
  <testcase classname="com.qa.testcases.HomePageTest" name="LocationDropdown" time="0.072"/>
  <testcase classname="com.qa.testcases.HomePageTest" name="WelcomeText" time="0.029"/>
  <testcase classname="com.qa.testcases.HomePageTest" name="getText" time="0.004"/>
  <testcase classname="com.qa.testcases.LogoutTest" name="GetTitle" time="0.006"/>
  <testcase classname="com.qa.testcases.LogoutTest" name="Logout" time="0.373"/>
</testsuite> <!-- Adactin Test -->
